0 info it worked if it ends with ok
1 verbose cli [ 'C:\\Program Files\\nodejs\\node.exe',
1 verbose cli   'C:\\Program Files\\nodejs\\node_modules\\npm\\bin\\npm-cli.js',
1 verbose cli   'run',
1 verbose cli   'docs-commit' ]
2 info using npm@3.10.10
3 info using node@v6.10.1
4 verbose run-script [ 'predocs-commit', 'docs-commit', 'postdocs-commit' ]
5 info lifecycle TextAnalyticsTemplate_CodeLibrary@0.0.120~predocs-commit: TextAnalyticsTemplate_CodeLibrary@0.0.120
6 silly lifecycle TextAnalyticsTemplate_CodeLibrary@0.0.120~predocs-commit: no script for predocs-commit, continuing
7 info lifecycle TextAnalyticsTemplate_CodeLibrary@0.0.120~docs-commit: TextAnalyticsTemplate_CodeLibrary@0.0.120
8 verbose lifecycle TextAnalyticsTemplate_CodeLibrary@0.0.120~docs-commit: unsafe-perm in lifecycle true
9 verbose lifecycle TextAnalyticsTemplate_CodeLibrary@0.0.120~docs-commit: PATH: C:\Program Files\nodejs\node_modules\npm\bin\node-gyp-bin;C:\Users\MariaSo\Work\webstorm projects\TextAnalyticsTemplate_CodeLibrary\node_modules\.bin;C:\Windows\system32;C:\Windows;C:\Windows\System32\Wbem;C:\Windows\System32\WindowsPowerShell\v1.0\;C:\Windows\CCM;C:\Program Files (x86)\Skype\Phone\;C:\Program Files\nodejs\;C:\Program Files\Git\cmd;C:\Users\MariaSo\AppData\Local\Microsoft\WindowsApps;C:\Users\MariaSo\AppData\Roaming\npm;C:\Users\MariaSo\AppData\Local\Programs\Fiddler
10 verbose lifecycle TextAnalyticsTemplate_CodeLibrary@0.0.120~docs-commit: CWD: C:\Users\MariaSo\Work\webstorm projects\TextAnalyticsTemplate_CodeLibrary
11 silly lifecycle TextAnalyticsTemplate_CodeLibrary@0.0.120~docs-commit: Args: [ '/d /s /c',
11 silly lifecycle   'git subtree push --prefix docs/TextAnalyticsTemplate_CodeLibrary/0.0.120 origin gh-pages' ]
12 silly lifecycle TextAnalyticsTemplate_CodeLibrary@0.0.120~docs-commit: Returned: code: 1  signal: null
13 info lifecycle TextAnalyticsTemplate_CodeLibrary@0.0.120~docs-commit: Failed to exec docs-commit script
14 verbose stack Error: TextAnalyticsTemplate_CodeLibrary@0.0.120 docs-commit: `git subtree push --prefix docs/TextAnalyticsTemplate_CodeLibrary/0.0.120 origin gh-pages`
14 verbose stack Exit status 1
14 verbose stack     at EventEmitter.<anonymous> (C:\Program Files\nodejs\node_modules\npm\lib\utils\lifecycle.js:255:16)
14 verbose stack     at emitTwo (events.js:106:13)
14 verbose stack     at EventEmitter.emit (events.js:191:7)
14 verbose stack     at ChildProcess.<anonymous> (C:\Program Files\nodejs\node_modules\npm\lib\utils\spawn.js:40:14)
14 verbose stack     at emitTwo (events.js:106:13)
14 verbose stack     at ChildProcess.emit (events.js:191:7)
14 verbose stack     at maybeClose (internal/child_process.js:886:16)
14 verbose stack     at Process.ChildProcess._handle.onexit (internal/child_process.js:226:5)
15 verbose pkgid TextAnalyticsTemplate_CodeLibrary@0.0.120
16 verbose cwd C:\Users\MariaSo\Work\webstorm projects\TextAnalyticsTemplate_CodeLibrary
17 error Windows_NT 10.0.14393
18 error argv "C:\\Program Files\\nodejs\\node.exe" "C:\\Program Files\\nodejs\\node_modules\\npm\\bin\\npm-cli.js" "run" "docs-commit"
19 error node v6.10.1
20 error npm  v3.10.10
21 error code ELIFECYCLE
22 error TextAnalyticsTemplate_CodeLibrary@0.0.120 docs-commit: `git subtree push --prefix docs/TextAnalyticsTemplate_CodeLibrary/0.0.120 origin gh-pages`
22 error Exit status 1
23 error Failed at the TextAnalyticsTemplate_CodeLibrary@0.0.120 docs-commit script 'git subtree push --prefix docs/TextAnalyticsTemplate_CodeLibrary/0.0.120 origin gh-pages'.
23 error Make sure you have the latest version of node.js and npm installed.
23 error If you do, this is most likely a problem with the TextAnalyticsTemplate_CodeLibrary package,
23 error not with npm itself.
23 error Tell the author that this fails on your system:
23 error     git subtree push --prefix docs/TextAnalyticsTemplate_CodeLibrary/0.0.120 origin gh-pages
23 error You can get information on how to open an issue for this project with:
23 error     npm bugs TextAnalyticsTemplate_CodeLibrary
23 error Or if that isn't available, you can get their info via:
23 error     npm owner ls TextAnalyticsTemplate_CodeLibrary
23 error There is likely additional logging output above.
24 verbose exit [ 1, true ]
